============================================================
🕷️  Project Agent · 浏览器自动爬取 (预录回放)
============================================================

[1/4] 🌐 启动 Chrome 浏览器...
      browser({ action: 'navigate', url: 'tianyancha.com' })
      ✅ 浏览器已启动 · 天眼查首页加载完成

[2/4] 🔍 搜索目标公司: 星恒电源股份有限公司
      browser({ action: 'type', selector: '#search', text: '星恒电源' })
      browser({ action: 'click', selector: '.search-btn' })
      ✅ 搜索结果: 1 条匹配

[3/4] 📋 抓取股东名册...
      browser({ action: 'snapshot' })
      → 检测到 50 家股东
      → 穿透层级: 4 层
      → A组 (10家): 启源纳川 17.73%, 星恒源 1.58%, ...
      → B组 (40家): 其他股东
      ✅ 结构化 JSON 已生成: 50 条股东记录

[4/4] 📊 生成股权穿透图...
      → python3 equity_chart.py --json gdlt_data.json -o equity.png
      ✅ 股权穿透图已生成: equity.png (3200×2400)

============================================================
✅ 爬取完成 · 耗时 28 秒
📦 输出: gdlt_data.json (50条) + equity.png
============================================================
